{"/Users/admin/WebstormProjects/url-shortener/server.js": {"path":"/Users/admin/WebstormProjects/url-shortener/server.js","statementMap":{"0":{"start":{"line":5,"column":19},"end":{"line":5,"column":28}},"1":{"start":{"line":6,"column":13},"end":{"line":6,"column":17}},"2":{"start":{"line":8,"column":0},"end":{"line":8,"column":27}},"3":{"start":{"line":11,"column":30},"end":{"line":11,"column":32}},"4":{"start":{"line":14,"column":30},"end":{"line":14,"column":32}},"5":{"start":{"line":25,"column":0},"end":{"line":42,"column":3}},"6":{"start":{"line":26,"column":24},"end":{"line":26,"column":36}},"7":{"start":{"line":27,"column":28},"end":{"line":27,"column":47}},"8":{"start":{"line":29,"column":4},"end":{"line":31,"column":5}},"9":{"start":{"line":30,"column":8},"end":{"line":30,"column":65}},"10":{"start":{"line":33,"column":4},"end":{"line":35,"column":5}},"11":{"start":{"line":34,"column":8},"end":{"line":34,"column":60}},"12":{"start":{"line":37,"column":20},"end":{"line":37,"column":58}},"13":{"start":{"line":38,"column":4},"end":{"line":38,"column":44}},"14":{"start":{"line":39,"column":4},"end":{"line":39,"column":44}},"15":{"start":{"line":41,"column":4},"end":{"line":41,"column":36}},"16":{"start":{"line":50,"column":0},"end":{"line":59,"column":3}},"17":{"start":{"line":51,"column":22},"end":{"line":51,"column":42}},"18":{"start":{"line":52,"column":24},"end":{"line":52,"column":49}},"19":{"start":{"line":54,"column":4},"end":{"line":58,"column":5}},"20":{"start":{"line":55,"column":8},"end":{"line":55,"column":34}},"21":{"start":{"line":57,"column":8},"end":{"line":57,"column":46}},"22":{"start":{"line":67,"column":4},"end":{"line":67,"column":54}},"23":{"start":{"line":70,"column":0},"end":{"line":72,"column":3}},"24":{"start":{"line":71,"column":4},"end":{"line":71,"column":69}}},"fnMap":{"0":{"name":"(anonymous_0)","decl":{"start":{"line":25,"column":46},"end":{"line":25,"column":47}},"loc":{"start":{"line":25,"column":60},"end":{"line":42,"column":1}},"line":25},"1":{"name":"(anonymous_1)","decl":{"start":{"line":50,"column":23},"end":{"line":50,"column":24}},"loc":{"start":{"line":50,"column":37},"end":{"line":59,"column":1}},"line":50},"2":{"name":"generateShortCode","decl":{"start":{"line":66,"column":9},"end":{"line":66,"column":26}},"loc":{"start":{"line":66,"column":29},"end":{"line":68,"column":1}},"line":66},"3":{"name":"(anonymous_3)","decl":{"start":{"line":70,"column":17},"end":{"line":70,"column":18}},"loc":{"start":{"line":70,"column":23},"end":{"line":72,"column":1}},"line":70}},"branchMap":{"0":{"loc":{"start":{"line":29,"column":4},"end":{"line":31,"column":5}},"type":"if","locations":[{"start":{"line":29,"column":4},"end":{"line":31,"column":5}},{"start":{},"end":{}}],"line":29},"1":{"loc":{"start":{"line":33,"column":4},"end":{"line":35,"column":5}},"type":"if","locations":[{"start":{"line":33,"column":4},"end":{"line":35,"column":5}},{"start":{},"end":{}}],"line":33},"2":{"loc":{"start":{"line":33,"column":8},"end":{"line":33,"column":58}},"type":"binary-expr","locations":[{"start":{"line":33,"column":8},"end":{"line":33,"column":23}},{"start":{"line":33,"column":27},"end":{"line":33,"column":58}}],"line":33},"3":{"loc":{"start":{"line":37,"column":20},"end":{"line":37,"column":58}},"type":"binary-expr","locations":[{"start":{"line":37,"column":20},"end":{"line":37,"column":35}},{"start":{"line":37,"column":39},"end":{"line":37,"column":58}}],"line":37},"4":{"loc":{"start":{"line":54,"column":4},"end":{"line":58,"column":5}},"type":"if","locations":[{"start":{"line":54,"column":4},"end":{"line":58,"column":5}},{"start":{"line":56,"column":11},"end":{"line":58,"column":5}}],"line":54}},"s":{"0":1,"1":1,"2":1,"3":1,"4":1,"5":1,"6":7,"7":7,"8":7,"9":1,"10":6,"11":1,"12":5,"13":5,"14":5,"15":5,"16":1,"17":0,"18":0,"19":0,"20":0,"21":0,"22":2,"23":1,"24":1},"f":{"0":7,"1":0,"2":2,"3":1},"b":{"0":[1,6],"1":[1,5],"2":[6,4],"3":[5,2],"4":[0,0]},"_coverageSchema":"1a1c01bbd47fc00a2c39e90264f33305004495a9","hash":"c9149a6c7695e5ac82d29885bd7d498a948d0694"}
,"/Users/admin/WebstormProjects/url-shortener/url-validation.middleware.js": {"path":"/Users/admin/WebstormProjects/url-shortener/url-validation.middleware.js","statementMap":{"0":{"start":{"line":3,"column":22},"end":{"line":7,"column":12}},"1":{"start":{"line":9,"column":31},"end":{"line":15,"column":1}},"2":{"start":{"line":10,"column":19},"end":{"line":10,"column":40}},"3":{"start":{"line":11,"column":4},"end":{"line":13,"column":5}},"4":{"start":{"line":12,"column":8},"end":{"line":12,"column":64}},"5":{"start":{"line":14,"column":4},"end":{"line":14,"column":11}},"6":{"start":{"line":17,"column":39},"end":{"line":17,"column":78}}},"fnMap":{"0":{"name":"(anonymous_0)","decl":{"start":{"line":9,"column":31},"end":{"line":9,"column":32}},"loc":{"start":{"line":9,"column":51},"end":{"line":15,"column":1}},"line":9}},"branchMap":{"0":{"loc":{"start":{"line":11,"column":4},"end":{"line":13,"column":5}},"type":"if","locations":[{"start":{"line":11,"column":4},"end":{"line":13,"column":5}},{"start":{},"end":{}}],"line":11}},"s":{"0":1,"1":1,"2":7,"3":7,"4":0,"5":7,"6":1},"f":{"0":7},"b":{"0":[0,7]},"_coverageSchema":"1a1c01bbd47fc00a2c39e90264f33305004495a9","hash":"8933a930a0bc7bffa1f229d633181aa1a3a142e6"}
}
