TN:
SF:server.js
FN:25,(anonymous_0)
FN:50,(anonymous_1)
FN:66,generateShortCode
FN:70,(anonymous_3)
FNF:4
FNH:3
FNDA:7,(anonymous_0)
FNDA:0,(anonymous_1)
FNDA:2,generateShortCode
FNDA:1,(anonymous_3)
DA:5,1
DA:6,1
DA:8,1
DA:11,1
DA:14,1
DA:25,1
DA:26,7
DA:27,7
DA:29,7
DA:30,1
DA:33,6
DA:34,1
DA:37,5
DA:38,5
DA:39,5
DA:41,5
DA:50,1
DA:51,0
DA:52,0
DA:54,0
DA:55,0
DA:57,0
DA:67,2
DA:70,1
DA:71,1
LF:25
LH:20
BRDA:29,0,0,1
BRDA:29,0,1,6
BRDA:33,1,0,1
BRDA:33,1,1,5
BRDA:33,2,0,6
BRDA:33,2,1,4
BRDA:37,3,0,5
BRDA:37,3,1,2
BRDA:54,4,0,0
BRDA:54,4,1,0
BRF:10
BRH:8
end_of_record
TN:
SF:url-validation.middleware.js
FN:9,(anonymous_0)
FNF:1
FNH:1
FNDA:7,(anonymous_0)
DA:3,1
DA:9,1
DA:10,7
DA:11,7
DA:12,0
DA:14,7
DA:17,1
LF:7
LH:6
BRDA:11,0,0,0
BRDA:11,0,1,7
BRF:2
BRH:1
end_of_record
